\BOOKMARK [0][-]{chapter*.2}{Acknowledgments}{}% 1
\BOOKMARK [0][-]{chapter*.3}{Declarations}{}% 2
\BOOKMARK [0][-]{chapter*.4}{Abstract}{}% 3
\BOOKMARK [0][-]{chapter.1}{Chapter Introduction}{}% 4
\BOOKMARK [1][-]{section.1.1}{Introduction}{chapter.1}% 5
\BOOKMARK [1][-]{section.1.2}{What is this thesis about}{chapter.1}% 6
\BOOKMARK [2][-]{subsection.1.2.1}{Log del Pezzo surfaces of complexity 1}{section.1.2}% 7
\BOOKMARK [2][-]{subsection.1.2.2}{Bounded singularity content of log del Pezzo surfaces}{section.1.2}% 8
\BOOKMARK [2][-]{subsection.1.2.3}{Smoothings of log extemal extractions}{section.1.2}% 9
\BOOKMARK [0][-]{chapter.2}{Chapter Technical details}{}% 10
\BOOKMARK [0][-]{chapter.3}{Chapter Small Discrepancy}{}% 11
\BOOKMARK [1][-]{section.3.1}{Context}{chapter.3}% 12
\BOOKMARK [1][-]{section.3.2}{Standard notions and notation for quotient singularities}{chapter.3}% 13
\BOOKMARK [1][-]{section.3.3}{Singularities with small discrepancy}{chapter.3}% 14
\BOOKMARK [1][-]{section.3.4}{Log del Pezzo surfaces and small discrepancy}{chapter.3}% 15
\BOOKMARK [1][-]{section.3.5}{Examples}{chapter.3}% 16
\BOOKMARK [1][-]{section.3.6}{Cascades}{chapter.3}% 17
\BOOKMARK [1][-]{section.3.7}{Outside of the small discrepancy}{chapter.3}% 18
\BOOKMARK [0][-]{chapter.4}{Chapter Complexity One log Del Pezzo Surfaces}{}% 19
\BOOKMARK [1][-]{section.4.1}{Introduction}{chapter.4}% 20
\BOOKMARK [1][-]{section.4.2}{Introduction}{chapter.4}% 21
\BOOKMARK [1][-]{section.4.3}{Polyhedral divisors}{chapter.4}% 22
\BOOKMARK [1][-]{section.4.4}{ Example}{chapter.4}% 23
\BOOKMARK [1][-]{section.4.5}{Divisors in complexity one}{chapter.4}% 24
\BOOKMARK [1][-]{section.4.6}{Algorithms}{chapter.4}% 25
