This is pdfTeX, Version 3.14159265-2.6-1.40.19 (MiKTeX 2.9.6840 64-bit) (preloaded format=pdflatex 2018.10.24)  30 AUG 2021 10:33
entering extended mode
**./Thesis.tex
(Thesis.tex
LaTeX2e <2018-04-01> patch level 5
("C:\Users\user\AppData\Local\Programs\MiKTeX 2.9\tex\latex\base\book.cls"
Document Class: book 2014/09/29 v1.4h Standard LaTeX document class
("C:\Users\user\AppData\Local\Programs\MiKTeX 2.9\tex\latex\base\bk12.clo"
File: bk12.clo 2014/09/29 v1.4h Standard LaTeX file (size option)
)
\c@part=\count80
\c@chapter=\count81
\c@section=\count82
\c@subsection=\count83
\c@subsubsection=\count84
\c@paragraph=\count85
\c@subparagraph=\count86
\c@figure=\count87
\c@table=\count88
\abovecaptionskip=\skip41
\belowcaptionskip=\skip42
\bibindent=\dimen102
)
(warwickthesis.sty
*************************************************************
** Warwick Thesis Style File Sept 1996 
*************************************************************
\hour=\count89
\minute=\count90
\dow=\count91
\leap=\count92
\x=\count93
\y=\count94
)
("C:\Users\user\AppData\Local\Programs\MiKTeX 2.9\tex\latex\setspace\setspace.s
ty"
Package: setspace 2011/12/19 v6.7a set line spacing
)
("C:\Users\user\AppData\Local\Programs\MiKTeX 2.9\tex\latex\graphics\graphicx.s
ty"
Package: graphicx 2017/06/01 v1.1a Enhanced LaTeX Graphics (DPC,SPQR)

("C:\Users\user\AppData\Local\Programs\MiKTeX 2.9\tex\latex\graphics\keyval.sty
"
Package: keyval 2014/10/28 v1.15 key=value parser (DPC)
\KV@toks@=\toks14
)
("C:\Users\user\AppData\Local\Programs\MiKTeX 2.9\tex\latex\graphics\graphics.s
ty"
Package: graphics 2017/06/25 v1.2c Standard LaTeX Graphics (DPC,SPQR)

("C:\Users\user\AppData\Local\Programs\MiKTeX 2.9\tex\latex\graphics\trig.sty"
Package: trig 2016/01/03 v1.10 sin cos tan (DPC)
)
("C:\Users\user\AppData\Local\Programs\MiKTeX 2.9\tex\latex\graphics-cfg\graphi
cs.cfg"
File: graphics.cfg 2016/06/04 v1.11 sample graphics configuration
)
Package graphics Info: Driver file: pdftex.def on input line 99.

("C:\Users\user\AppData\Local\Programs\MiKTeX 2.9\tex\latex\graphics-def\pdftex
.def"
File: pdftex.def 2018/01/08 v1.0l Graphics/color driver for pdftex
))
\Gin@req@height=\dimen103
\Gin@req@width=\dimen104
)
("C:\Users\user\AppData\Local\Programs\MiKTeX 2.9\tex\latex\natbib\natbib.sty"
Package: natbib 2010/09/13 8.31b (PWD, AO)
\bibhang=\skip43
\bibsep=\skip44
LaTeX Info: Redefining \cite on input line 694.
\c@NAT@ctr=\count95
) ("C:\Users\user\AppData\Local\Programs\MiKTeX 2.9\tex\latex\tools\enumerate.s
ty"
Package: enumerate 2015/07/23 v3.00 enumerate extensions (DPC)
\@enLab=\toks15
)
("C:\Users\user\AppData\Local\Programs\MiKTeX 2.9\tex\latex\geometry\geometry.s
ty"
Package: geometry 2018/04/16 v5.8 Page Geometry

("C:\Users\user\AppData\Local\Programs\MiKTeX 2.9\tex\generic\oberdiek\ifpdf.st
y"
Package: ifpdf 2018/09/07 v3.3 Provides the ifpdf switch
)
("C:\Users\user\AppData\Local\Programs\MiKTeX 2.9\tex\generic\oberdiek\ifvtex.s
ty"
Package: ifvtex 2016/05/16 v1.6 Detect VTeX and its facilities (HO)
Package ifvtex Info: VTeX not detected.
)
("C:\Users\user\AppData\Local\Programs\MiKTeX 2.9\tex\generic\ifxetex\ifxetex.s
ty"
Package: ifxetex 2010/09/12 v0.6 Provides ifxetex conditional
)
\Gm@cnth=\count96
\Gm@cntv=\count97
\c@Gm@tempcnt=\count98
\Gm@bindingoffset=\dimen105
\Gm@wd@mp=\dimen106
\Gm@odd@mp=\dimen107
\Gm@even@mp=\dimen108
\Gm@layoutwidth=\dimen109
\Gm@layoutheight=\dimen110
\Gm@layouthoffset=\dimen111
\Gm@layoutvoffset=\dimen112
\Gm@dimlist=\toks16

("C:\Users\user\AppData\Local\Programs\MiKTeX 2.9\tex\latex\geometry\geometry.c
fg"))
("C:\Users\user\AppData\Local\Programs\MiKTeX 2.9\tex\latex\tools\array.sty"
Package: array 2018/04/30 v2.4h Tabular extension package (FMi)
\col@sep=\dimen113
\ar@mcellbox=\box26
\extrarowheight=\dimen114
\NC@list=\toks17
\extratabsurround=\skip45
\backup@length=\skip46
\ar@cellbox=\box27
)
("C:\Users\user\AppData\Local\Programs\MiKTeX 2.9\tex\latex\amsfonts\amssymb.st
y"
Package: amssymb 2013/01/14 v3.01 AMS font symbols

("C:\Users\user\AppData\Local\Programs\MiKTeX 2.9\tex\latex\amsfonts\amsfonts.s
ty"
Package: amsfonts 2013/01/14 v3.01 Basic AMSFonts support
\@emptytoks=\toks18
\symAMSa=\mathgroup4
\symAMSb=\mathgroup5
LaTeX Font Info:    Overwriting math alphabet `\mathfrak' in version `bold'
(Font)                  U/euf/m/n --> U/euf/b/n on input line 106.
))
("C:\Users\user\AppData\Local\Programs\MiKTeX 2.9\tex\latex\amsmath\amsmath.sty
"
Package: amsmath 2017/09/02 v2.17a AMS math features
\@mathmargin=\skip47

For additional information on amsmath, use the `?' option.
("C:\Users\user\AppData\Local\Programs\MiKTeX 2.9\tex\latex\amsmath\amstext.sty
"
Package: amstext 2000/06/29 v2.01 AMS text
 ("C:\Users\user\AppData\Local\Programs\MiKTeX 2.9\tex\latex\amsmath\amsgen.sty
"
File: amsgen.sty 1999/11/30 v2.0 generic functions
\@emptytoks=\toks19
\ex@=\dimen115
))
("C:\Users\user\AppData\Local\Programs\MiKTeX 2.9\tex\latex\amsmath\amsbsy.sty"
Package: amsbsy 1999/11/29 v1.2d Bold Symbols
\pmbraise@=\dimen116
) ("C:\Users\user\AppData\Local\Programs\MiKTeX 2.9\tex\latex\amsmath\amsopn.st
y"
Package: amsopn 2016/03/08 v2.02 operator names
)
\inf@bad=\count99
LaTeX Info: Redefining \frac on input line 213.
\uproot@=\count100
\leftroot@=\count101
LaTeX Info: Redefining \overline on input line 375.
\classnum@=\count102
\DOTSCASE@=\count103
LaTeX Info: Redefining \ldots on input line 472.
LaTeX Info: Redefining \dots on input line 475.
LaTeX Info: Redefining \cdots on input line 596.
\Mathstrutbox@=\box28
\strutbox@=\box29
\big@size=\dimen117
LaTeX Font Info:    Redeclaring font encoding OML on input line 712.
LaTeX Font Info:    Redeclaring font encoding OMS on input line 713.
\macc@depth=\count104
\c@MaxMatrixCols=\count105
\dotsspace@=\muskip10
\c@parentequation=\count106
\dspbrk@lvl=\count107
\tag@help=\toks20
\row@=\count108
\column@=\count109
\maxfields@=\count110
\andhelp@=\toks21
\eqnshift@=\dimen118
\alignsep@=\dimen119
\tagshift@=\dimen120
\tagwidth@=\dimen121
\totwidth@=\dimen122
\lineht@=\dimen123
\@envbody=\toks22
\multlinegap=\skip48
\multlinetaggap=\skip49
\mathdisplay@stack=\toks23
LaTeX Info: Redefining \[ on input line 2817.
LaTeX Info: Redefining \] on input line 2818.
)
("C:\Users\user\AppData\Local\Programs\MiKTeX 2.9\tex\latex\amscls\amsthm.sty"
Package: amsthm 2017/10/31 v2.20.4
\thm@style=\toks24
\thm@bodyfont=\toks25
\thm@headfont=\toks26
\thm@notefont=\toks27
\thm@headpunct=\toks28
\thm@preskip=\skip50
\thm@postskip=\skip51
\thm@headsep=\skip52
\dth@everypar=\toks29
) ("C:\Users\user\AppData\Local\Programs\MiKTeX 2.9\tex\latex\parskip\parskip.s
ty"
Package: parskip 2018-08-24 v2.0a non-zero parskip adjustments

("C:\Users\user\AppData\Local\Programs\MiKTeX 2.9\tex\latex\oberdiek\kvoptions.
sty"
Package: kvoptions 2016/05/16 v3.12 Key value format for package options (HO)

("C:\Users\user\AppData\Local\Programs\MiKTeX 2.9\tex\generic\oberdiek\ltxcmds.
sty"
Package: ltxcmds 2016/05/16 v1.23 LaTeX kernel commands for general use (HO)
)
("C:\Users\user\AppData\Local\Programs\MiKTeX 2.9\tex\generic\oberdiek\kvsetkey
s.sty"
Package: kvsetkeys 2016/05/16 v1.17 Key value parser (HO)

("C:\Users\user\AppData\Local\Programs\MiKTeX 2.9\tex\generic\oberdiek\infwarer
r.sty"
Package: infwarerr 2016/05/16 v1.4 Providing info/warning/error messages (HO)
)
("C:\Users\user\AppData\Local\Programs\MiKTeX 2.9\tex\generic\oberdiek\etexcmds
.sty"
Package: etexcmds 2016/05/16 v1.6 Avoid name clashes with e-TeX commands (HO)

("C:\Users\user\AppData\Local\Programs\MiKTeX 2.9\tex\generic\oberdiek\ifluatex
.sty"
Package: ifluatex 2016/05/16 v1.4 Provides the ifluatex switch (HO)
Package ifluatex Info: LuaTeX not detected.
)
Package etexcmds Info: Could not find \expanded.
(etexcmds)             That can mean that you are not using pdfTeX 1.50 or
(etexcmds)             that some package has redefined \expanded.
(etexcmds)             In the latter case, load this package earlier.
)))
("C:\Users\user\AppData\Local\Programs\MiKTeX 2.9\tex\latex\etoolbox\etoolbox.s
ty"
Package: etoolbox 2018/08/19 v2.5f e-TeX tools for LaTeX (JAW)
\etb@tempcnta=\count111
))
("C:\Users\user\AppData\Local\Programs\MiKTeX 2.9\tex\latex\base\inputenc.sty"
Package: inputenc 2018/04/06 v1.3b Input encoding file
\inpenc@prehook=\toks30
\inpenc@posthook=\toks31
) ("C:\Users\user\AppData\Local\Programs\MiKTeX 2.9\tex\generic\babel\babel.sty
"
Package: babel 2018/09/26 3.24 The Babel package
("C:\Users\user\AppData\Local\Programs\MiKTeX 2.9\tex\generic\babel\switch.def"
File: switch.def 2018/09/26 3.24 Babel switching mechanism
)
*************************************
* Local config file bblopts.cfg used
*
("C:\Users\user\AppData\Local\Programs\MiKTeX 2.9\tex\latex\arabi\bblopts.cfg"
File: bblopts.cfg 2005/09/08 v0.1 add Arabic and Farsi to "declared" options of
 babel
)
("C:\Users\user\AppData\Local\Programs\MiKTeX 2.9\tex\latex\babel-english\engli
sh.ldf"
Language: english 2017/06/06 v3.3r English support from the babel system

("C:\Users\user\AppData\Local\Programs\MiKTeX 2.9\tex\generic\babel\babel.def"
File: babel.def 2018/09/26 3.24 Babel common definitions
\babel@savecnt=\count112
\U@D=\dimen124

("C:\Users\user\AppData\Local\Programs\MiKTeX 2.9\tex\generic\babel\txtbabel.de
f")
\bbl@dirlevel=\count113
)
\l@canadian = a dialect from \language\l@american 
\l@australian = a dialect from \language\l@british 
\l@newzealand = a dialect from \language\l@british 
))
("C:\Users\user\AppData\Local\Programs\MiKTeX 2.9\tex\latex\pgf\frontendlayer\t
ikz.sty"
("C:\Users\user\AppData\Local\Programs\MiKTeX 2.9\tex\latex\pgf\basiclayer\pgf.
sty"
("C:\Users\user\AppData\Local\Programs\MiKTeX 2.9\tex\latex\pgf\utilities\pgfrc
s.sty"
("C:\Users\user\AppData\Local\Programs\MiKTeX 2.9\tex\generic\pgf\utilities\pgf
util-common.tex"
\pgfutil@everybye=\toks32
\pgfutil@tempdima=\dimen125
\pgfutil@tempdimb=\dimen126

("C:\Users\user\AppData\Local\Programs\MiKTeX 2.9\tex\generic\pgf\utilities\pgf
util-common-lists.tex"))
("C:\Users\user\AppData\Local\Programs\MiKTeX 2.9\tex\generic\pgf\utilities\pgf
util-latex.def"
\pgfutil@abb=\box30

("C:\Users\user\AppData\Local\Programs\MiKTeX 2.9\tex\latex\ms\everyshi.sty"
Package: everyshi 2001/05/15 v3.00 EveryShipout Package (MS)
))
("C:\Users\user\AppData\Local\Programs\MiKTeX 2.9\tex\generic\pgf\utilities\pgf
rcs.code.tex"
Package: pgfrcs 2015/08/07 v3.0.1a (rcs-revision 1.31)
))
Package: pgf 2015/08/07 v3.0.1a (rcs-revision 1.15)

("C:\Users\user\AppData\Local\Programs\MiKTeX 2.9\tex\latex\pgf\basiclayer\pgfc
ore.sty"
("C:\Users\user\AppData\Local\Programs\MiKTeX 2.9\tex\latex\pgf\systemlayer\pgf
sys.sty"
("C:\Users\user\AppData\Local\Programs\MiKTeX 2.9\tex\generic\pgf\systemlayer\p
gfsys.code.tex"
Package: pgfsys 2014/07/09 v3.0.1a (rcs-revision 1.48)

("C:\Users\user\AppData\Local\Programs\MiKTeX 2.9\tex\generic\pgf\utilities\pgf
keys.code.tex"
\pgfkeys@pathtoks=\toks33
\pgfkeys@temptoks=\toks34

("C:\Users\user\AppData\Local\Programs\MiKTeX 2.9\tex\generic\pgf\utilities\pgf
keysfiltered.code.tex"
\pgfkeys@tmptoks=\toks35
))
\pgf@x=\dimen127
\pgf@y=\dimen128
\pgf@xa=\dimen129
\pgf@ya=\dimen130
\pgf@xb=\dimen131
\pgf@yb=\dimen132
\pgf@xc=\dimen133
\pgf@yc=\dimen134
\w@pgf@writea=\write3
\r@pgf@reada=\read1
\c@pgf@counta=\count114
\c@pgf@countb=\count115
\c@pgf@countc=\count116
\c@pgf@countd=\count117
\t@pgf@toka=\toks36
\t@pgf@tokb=\toks37
\t@pgf@tokc=\toks38

("C:\Users\user\AppData\Local\Programs\MiKTeX 2.9\tex\generic\pgf\systemlayer\p
gf.cfg"
File: pgf.cfg 2008/05/14  (rcs-revision 1.7)
)
Driver file for pgf: pgfsys-pdftex.def

("C:\Users\user\AppData\Local\Programs\MiKTeX 2.9\tex\generic\pgf\systemlayer\p
gfsys-pdftex.def"
File: pgfsys-pdftex.def 2014/10/11  (rcs-revision 1.35)

("C:\Users\user\AppData\Local\Programs\MiKTeX 2.9\tex\generic\pgf\systemlayer\p
gfsys-common-pdf.def"
File: pgfsys-common-pdf.def 2013/10/10  (rcs-revision 1.13)
)))
("C:\Users\user\AppData\Local\Programs\MiKTeX 2.9\tex\generic\pgf\systemlayer\p
gfsyssoftpath.code.tex"
File: pgfsyssoftpath.code.tex 2013/09/09  (rcs-revision 1.9)
\pgfsyssoftpath@smallbuffer@items=\count118
\pgfsyssoftpath@bigbuffer@items=\count119
)
("C:\Users\user\AppData\Local\Programs\MiKTeX 2.9\tex\generic\pgf\systemlayer\p
gfsysprotocol.code.tex"
File: pgfsysprotocol.code.tex 2006/10/16  (rcs-revision 1.4)
))
("C:\Users\user\AppData\Local\Programs\MiKTeX 2.9\tex\latex\xcolor\xcolor.sty"
Package: xcolor 2016/05/11 v2.12 LaTeX color extensions (UK)

("C:\Users\user\AppData\Local\Programs\MiKTeX 2.9\tex\latex\graphics-cfg\color.
cfg"
File: color.cfg 2016/01/02 v1.6 sample color configuration
)
Package xcolor Info: Driver file: pdftex.def on input line 225.
Package xcolor Info: Model `cmy' substituted by `cmy0' on input line 1348.
Package xcolor Info: Model `hsb' substituted by `rgb' on input line 1352.
Package xcolor Info: Model `RGB' extended on input line 1364.
Package xcolor Info: Model `HTML' substituted by `rgb' on input line 1366.
Package xcolor Info: Model `Hsb' substituted by `hsb' on input line 1367.
Package xcolor Info: Model `tHsb' substituted by `hsb' on input line 1368.
Package xcolor Info: Model `HSB' substituted by `hsb' on input line 1369.
Package xcolor Info: Model `Gray' substituted by `gray' on input line 1370.
Package xcolor Info: Model `wave' substituted by `hsb' on input line 1371.
)
("C:\Users\user\AppData\Local\Programs\MiKTeX 2.9\tex\generic\pgf\basiclayer\pg
fcore.code.tex"
Package: pgfcore 2010/04/11 v3.0.1a (rcs-revision 1.7)

("C:\Users\user\AppData\Local\Programs\MiKTeX 2.9\tex\generic\pgf\math\pgfmath.
code.tex"
("C:\Users\user\AppData\Local\Programs\MiKTeX 2.9\tex\generic\pgf\math\pgfmathc
alc.code.tex"
("C:\Users\user\AppData\Local\Programs\MiKTeX 2.9\tex\generic\pgf\math\pgfmathu
til.code.tex")
("C:\Users\user\AppData\Local\Programs\MiKTeX 2.9\tex\generic\pgf\math\pgfmathp
arser.code.tex"
\pgfmath@dimen=\dimen135
\pgfmath@count=\count120
\pgfmath@box=\box31
\pgfmath@toks=\toks39
\pgfmath@stack@operand=\toks40
\pgfmath@stack@operation=\toks41
)
("C:\Users\user\AppData\Local\Programs\MiKTeX 2.9\tex\generic\pgf\math\pgfmathf
unctions.code.tex"
("C:\Users\user\AppData\Local\Programs\MiKTeX 2.9\tex\generic\pgf\math\pgfmathf
unctions.basic.code.tex")
("C:\Users\user\AppData\Local\Programs\MiKTeX 2.9\tex\generic\pgf\math\pgfmathf
unctions.trigonometric.code.tex")
("C:\Users\user\AppData\Local\Programs\MiKTeX 2.9\tex\generic\pgf\math\pgfmathf
unctions.random.code.tex")
("C:\Users\user\AppData\Local\Programs\MiKTeX 2.9\tex\generic\pgf\math\pgfmathf
unctions.comparison.code.tex")
("C:\Users\user\AppData\Local\Programs\MiKTeX 2.9\tex\generic\pgf\math\pgfmathf
unctions.base.code.tex")
("C:\Users\user\AppData\Local\Programs\MiKTeX 2.9\tex\generic\pgf\math\pgfmathf
unctions.round.code.tex")
("C:\Users\user\AppData\Local\Programs\MiKTeX 2.9\tex\generic\pgf\math\pgfmathf
unctions.misc.code.tex")
("C:\Users\user\AppData\Local\Programs\MiKTeX 2.9\tex\generic\pgf\math\pgfmathf
unctions.integerarithmetics.code.tex")))
("C:\Users\user\AppData\Local\Programs\MiKTeX 2.9\tex\generic\pgf\math\pgfmathf
loat.code.tex"
\c@pgfmathroundto@lastzeros=\count121
))
("C:\Users\user\AppData\Local\Programs\MiKTeX 2.9\tex\generic\pgf\basiclayer\pg
fcorepoints.code.tex"
File: pgfcorepoints.code.tex 2013/10/07  (rcs-revision 1.27)
\pgf@picminx=\dimen136
\pgf@picmaxx=\dimen137
\pgf@picminy=\dimen138
\pgf@picmaxy=\dimen139
\pgf@pathminx=\dimen140
\pgf@pathmaxx=\dimen141
\pgf@pathminy=\dimen142
\pgf@pathmaxy=\dimen143
\pgf@xx=\dimen144
\pgf@xy=\dimen145
\pgf@yx=\dimen146
\pgf@yy=\dimen147
\pgf@zx=\dimen148
\pgf@zy=\dimen149
)
("C:\Users\user\AppData\Local\Programs\MiKTeX 2.9\tex\generic\pgf\basiclayer\pg
fcorepathconstruct.code.tex"
File: pgfcorepathconstruct.code.tex 2013/10/07  (rcs-revision 1.29)
\pgf@path@lastx=\dimen150
\pgf@path@lasty=\dimen151
)
("C:\Users\user\AppData\Local\Programs\MiKTeX 2.9\tex\generic\pgf\basiclayer\pg
fcorepathusage.code.tex"
File: pgfcorepathusage.code.tex 2014/11/02  (rcs-revision 1.24)
\pgf@shorten@end@additional=\dimen152
\pgf@shorten@start@additional=\dimen153
)
("C:\Users\user\AppData\Local\Programs\MiKTeX 2.9\tex\generic\pgf\basiclayer\pg
fcorescopes.code.tex"
File: pgfcorescopes.code.tex 2015/05/08  (rcs-revision 1.46)
\pgfpic=\box32
\pgf@hbox=\box33
\pgf@layerbox@main=\box34
\pgf@picture@serial@count=\count122
)
("C:\Users\user\AppData\Local\Programs\MiKTeX 2.9\tex\generic\pgf\basiclayer\pg
fcoregraphicstate.code.tex"
File: pgfcoregraphicstate.code.tex 2014/11/02  (rcs-revision 1.12)
\pgflinewidth=\dimen154
)
("C:\Users\user\AppData\Local\Programs\MiKTeX 2.9\tex\generic\pgf\basiclayer\pg
fcoretransformations.code.tex"
File: pgfcoretransformations.code.tex 2015/08/07  (rcs-revision 1.20)
\pgf@pt@x=\dimen155
\pgf@pt@y=\dimen156
\pgf@pt@temp=\dimen157
)
("C:\Users\user\AppData\Local\Programs\MiKTeX 2.9\tex\generic\pgf\basiclayer\pg
fcorequick.code.tex"
File: pgfcorequick.code.tex 2008/10/09  (rcs-revision 1.3)
)
("C:\Users\user\AppData\Local\Programs\MiKTeX 2.9\tex\generic\pgf\basiclayer\pg
fcoreobjects.code.tex"
File: pgfcoreobjects.code.tex 2006/10/11  (rcs-revision 1.2)
)
("C:\Users\user\AppData\Local\Programs\MiKTeX 2.9\tex\generic\pgf\basiclayer\pg
fcorepathprocessing.code.tex"
File: pgfcorepathprocessing.code.tex 2013/09/09  (rcs-revision 1.9)
)
("C:\Users\user\AppData\Local\Programs\MiKTeX 2.9\tex\generic\pgf\basiclayer\pg
fcorearrows.code.tex"
File: pgfcorearrows.code.tex 2015/05/14  (rcs-revision 1.43)
\pgfarrowsep=\dimen158
)
("C:\Users\user\AppData\Local\Programs\MiKTeX 2.9\tex\generic\pgf\basiclayer\pg
fcoreshade.code.tex"
File: pgfcoreshade.code.tex 2013/07/15  (rcs-revision 1.15)
\pgf@max=\dimen159
\pgf@sys@shading@range@num=\count123
)
("C:\Users\user\AppData\Local\Programs\MiKTeX 2.9\tex\generic\pgf\basiclayer\pg
fcoreimage.code.tex"
File: pgfcoreimage.code.tex 2013/07/15  (rcs-revision 1.18)

("C:\Users\user\AppData\Local\Programs\MiKTeX 2.9\tex\generic\pgf\basiclayer\pg
fcoreexternal.code.tex"
File: pgfcoreexternal.code.tex 2014/07/09  (rcs-revision 1.21)
\pgfexternal@startupbox=\box35
))
("C:\Users\user\AppData\Local\Programs\MiKTeX 2.9\tex\generic\pgf\basiclayer\pg
fcorelayers.code.tex"
File: pgfcorelayers.code.tex 2013/07/18  (rcs-revision 1.7)
)
("C:\Users\user\AppData\Local\Programs\MiKTeX 2.9\tex\generic\pgf\basiclayer\pg
fcoretransparency.code.tex"
File: pgfcoretransparency.code.tex 2013/09/30  (rcs-revision 1.5)
)
("C:\Users\user\AppData\Local\Programs\MiKTeX 2.9\tex\generic\pgf\basiclayer\pg
fcorepatterns.code.tex"
File: pgfcorepatterns.code.tex 2013/11/07  (rcs-revision 1.5)
)))
("C:\Users\user\AppData\Local\Programs\MiKTeX 2.9\tex\generic\pgf\modules\pgfmo
duleshapes.code.tex"
File: pgfmoduleshapes.code.tex 2014/03/21  (rcs-revision 1.35)
\pgfnodeparttextbox=\box36
)
("C:\Users\user\AppData\Local\Programs\MiKTeX 2.9\tex\generic\pgf\modules\pgfmo
duleplot.code.tex"
File: pgfmoduleplot.code.tex 2015/08/03  (rcs-revision 1.13)
)
("C:\Users\user\AppData\Local\Programs\MiKTeX 2.9\tex\latex\pgf\compatibility\p
gfcomp-version-0-65.sty"
Package: pgfcomp-version-0-65 2007/07/03 v3.0.1a (rcs-revision 1.7)
\pgf@nodesepstart=\dimen160
\pgf@nodesepend=\dimen161
)
("C:\Users\user\AppData\Local\Programs\MiKTeX 2.9\tex\latex\pgf\compatibility\p
gfcomp-version-1-18.sty"
Package: pgfcomp-version-1-18 2007/07/23 v3.0.1a (rcs-revision 1.1)
))
("C:\Users\user\AppData\Local\Programs\MiKTeX 2.9\tex\latex\pgf\utilities\pgffo
r.sty"
("C:\Users\user\AppData\Local\Programs\MiKTeX 2.9\tex\latex\pgf\utilities\pgfke
ys.sty"
("C:\Users\user\AppData\Local\Programs\MiKTeX 2.9\tex\generic\pgf\utilities\pgf
keys.code.tex"))
("C:\Users\user\AppData\Local\Programs\MiKTeX 2.9\tex\latex\pgf\math\pgfmath.st
y"
("C:\Users\user\AppData\Local\Programs\MiKTeX 2.9\tex\generic\pgf\math\pgfmath.
code.tex"))
("C:\Users\user\AppData\Local\Programs\MiKTeX 2.9\tex\generic\pgf\utilities\pgf
for.code.tex"
Package: pgffor 2013/12/13 v3.0.1a (rcs-revision 1.25)

("C:\Users\user\AppData\Local\Programs\MiKTeX 2.9\tex\generic\pgf\math\pgfmath.
code.tex")
\pgffor@iter=\dimen162
\pgffor@skip=\dimen163
\pgffor@stack=\toks42
\pgffor@toks=\toks43
))
("C:\Users\user\AppData\Local\Programs\MiKTeX 2.9\tex\generic\pgf\frontendlayer
\tikz\tikz.code.tex"
Package: tikz 2015/08/07 v3.0.1a (rcs-revision 1.151)

("C:\Users\user\AppData\Local\Programs\MiKTeX 2.9\tex\generic\pgf\libraries\pgf
libraryplothandlers.code.tex"
File: pgflibraryplothandlers.code.tex 2013/08/31 v3.0.1a (rcs-revision 1.20)
\pgf@plot@mark@count=\count124
\pgfplotmarksize=\dimen164
)
\tikz@lastx=\dimen165
\tikz@lasty=\dimen166
\tikz@lastxsaved=\dimen167
\tikz@lastysaved=\dimen168
\tikzleveldistance=\dimen169
\tikzsiblingdistance=\dimen170
\tikz@figbox=\box37
\tikz@figbox@bg=\box38
\tikz@tempbox=\box39
\tikz@tempbox@bg=\box40
\tikztreelevel=\count125
\tikznumberofchildren=\count126
\tikznumberofcurrentchild=\count127
\tikz@fig@count=\count128

("C:\Users\user\AppData\Local\Programs\MiKTeX 2.9\tex\generic\pgf\modules\pgfmo
dulematrix.code.tex"
File: pgfmodulematrix.code.tex 2013/09/17  (rcs-revision 1.8)
\pgfmatrixcurrentrow=\count129
\pgfmatrixcurrentcolumn=\count130
\pgf@matrix@numberofcolumns=\count131
)
\tikz@expandcount=\count132

("C:\Users\user\AppData\Local\Programs\MiKTeX 2.9\tex\generic\pgf\frontendlayer
\tikz\libraries\tikzlibrarytopaths.code.tex"
File: tikzlibrarytopaths.code.tex 2008/06/17 v3.0.1a (rcs-revision 1.2)
)))
("C:\Users\user\AppData\Local\Programs\MiKTeX 2.9\tex\latex\tikz-cd\tikz-cd.sty
"
Package: tikz-cd 2014/10/30 v0.9e Commutative diagrams with tikz

("C:\Users\user\AppData\Local\Programs\MiKTeX 2.9\tex\generic\tikz-cd\tikzlibra
rycd.code.tex"
("C:\Users\user\AppData\Local\Programs\MiKTeX 2.9\tex\generic\pgf\frontendlayer
\tikz\libraries\tikzlibrarymatrix.code.tex"
File: tikzlibrarymatrix.code.tex 2013/07/12 v3.0.1a (rcs-revision 1.4)
)
("C:\Users\user\AppData\Local\Programs\MiKTeX 2.9\tex\generic\pgf\frontendlayer
\tikz\libraries\tikzlibraryquotes.code.tex"
File: tikzlibraryquotes.code.tex 2014/03/21 v3.0.1a (rcs-revision 1.4)
)
("C:\Users\user\AppData\Local\Programs\MiKTeX 2.9\tex\generic\pgf\libraries\pgf
libraryarrows.meta.code.tex"
File: pgflibraryarrows.meta.code.tex 2015/05/13 v3.0.1a (rcs-revision 1.13)
\pgfarrowinset=\dimen171
\pgfarrowlength=\dimen172
\pgfarrowwidth=\dimen173
\pgfarrowlinewidth=\dimen174
)))
("C:\Users\user\AppData\Local\Programs\MiKTeX 2.9\tex\latex\algorithmicx\algpse
udocode.sty"
Package: algpseudocode 

("C:\Users\user\AppData\Local\Programs\MiKTeX 2.9\tex\latex\base\ifthen.sty"
Package: ifthen 2014/09/29 v1.1c Standard LaTeX ifthen package (DPC)
)
("C:\Users\user\AppData\Local\Programs\MiKTeX 2.9\tex\latex\algorithmicx\algori
thmicx.sty"
Package: algorithmicx 2005/04/27 v1.2 Algorithmicx

Document Style algorithmicx 1.2 - a greatly improved `algorithmic' style
\c@ALG@line=\count133
\c@ALG@rem=\count134
\c@ALG@nested=\count135
\ALG@tlm=\skip53
\ALG@thistlm=\skip54
\c@ALG@Lnr=\count136
\c@ALG@blocknr=\count137
\c@ALG@storecount=\count138
\c@ALG@tmpcounter=\count139
\ALG@tmplength=\skip55
)
Document Style - pseudocode environments for use with the `algorithmicx' style
)
("C:\Users\user\AppData\Local\Programs\MiKTeX 2.9\tex\latex\caption\caption.sty
"
Package: caption 2018/10/06 v3.3-154 Customizing captions (AR)

("C:\Users\user\AppData\Local\Programs\MiKTeX 2.9\tex\latex\caption\caption3.st
y"
Package: caption3 2018/09/12 v1.8c caption3 kernel (AR)
Package caption3 Info: TeX engine: e-TeX on input line 64.
\captionmargin=\dimen175
\captionmargin@=\dimen176
\captionwidth=\dimen177
\caption@tempdima=\dimen178
\caption@indent=\dimen179
\caption@parindent=\dimen180
\caption@hangindent=\dimen181
)
\c@caption@flags=\count140
\c@ContinuedFloat=\count141
)
("C:\Users\user\AppData\Local\Programs\MiKTeX 2.9\tex\latex\caption\subcaption.
sty"
Package: subcaption 2018/05/01 v1.1-162 Sub-captions (AR)
\c@subfigure=\count142
\c@subtable=\count143
)
("C:\Users\user\AppData\Local\Programs\MiKTeX 2.9\tex\latex\fancyhdr\fancyhdr.s
ty"
Package: fancyhdr 2017/06/30 v3.9a Extensive control of page headers and footer
s
\f@nch@headwidth=\skip56
\f@nch@O@elh=\skip57
\f@nch@O@erh=\skip58
\f@nch@O@olh=\skip59
\f@nch@O@orh=\skip60
\f@nch@O@elf=\skip61
\f@nch@O@erf=\skip62
\f@nch@O@olf=\skip63
\f@nch@O@orf=\skip64
)
("C:\Users\user\AppData\Local\Programs\MiKTeX 2.9\tex\latex\enumitem\enumitem.s
ty"
Package: enumitem 2011/09/28 v3.5.2 Customized lists
\labelindent=\skip65
\enit@outerparindent=\dimen182
\enit@toks=\toks44
\enit@inbox=\box41
\enitdp@description=\count144
)
("C:\Users\user\AppData\Local\Programs\MiKTeX 2.9\tex\generic\genmisc\nth.sty"
Package: nth 2002/02/27
) ("C:\Users\user\AppData\Local\Programs\MiKTeX 2.9\tex\latex\comment\comment.s
ty"
\CommentStream=\write4
 Excluding comment 'comment')
("C:\Users\user\AppData\Local\Programs\MiKTeX 2.9\tex\latex\hyperref\hyperref.s
ty"
Package: hyperref 2018/09/30 v6.88a Hypertext links for LaTeX

("C:\Users\user\AppData\Local\Programs\MiKTeX 2.9\tex\latex\hobsub\hobsub-hyper
ref.sty"
Package: hobsub-hyperref 2019-11-14
hobsub not currently supported, see hobsub.dtx to extract original code

("C:\Users\user\AppData\Local\Programs\MiKTeX 2.9\tex\generic\oberdiek\pdftexcm
ds.sty"
Package: pdftexcmds 2018/09/10 v0.29 Utility functions of pdfTeX for LuaTeX (HO
)
Package pdftexcmds Info: LuaTeX not detected.
Package pdftexcmds Info: \pdf@primitive is available.
Package pdftexcmds Info: \pdf@ifprimitive is available.
Package pdftexcmds Info: \pdfdraftmode found.
)
("C:\Users\user\AppData\Local\Programs\MiKTeX 2.9\tex\generic\oberdiek\kvdefine
keys.sty"
Package: kvdefinekeys 2016/05/16 v1.4 Define keys (HO)
)
("C:\Users\user\AppData\Local\Programs\MiKTeX 2.9\tex\generic\oberdiek\pdfescap
e.sty"
Package: pdfescape 2016/05/16 v1.14 Implements pdfTeX's escape features (HO)
)
("C:\Users\user\AppData\Local\Programs\MiKTeX 2.9\tex\latex\oberdiek\hycolor.st
y"
Package: hycolor 2016/05/16 v1.8 Color options for hyperref/bookmark (HO)

("C:\Users\user\AppData\Local\Programs\MiKTeX 2.9\tex\latex\oberdiek\xcolor-pat
ch.sty"
Package: xcolor-patch 2016/05/16 xcolor patch

("C:\Users\user\AppData\Local\Programs\MiKTeX 2.9\tex\latex\oberdiek\hopatch.st
y"
Package: hopatch 2016/05/16 v1.3 Wrapper for package hooks (HO)
)))
("C:\Users\user\AppData\Local\Programs\MiKTeX 2.9\tex\latex\oberdiek\letltxmacr
o.sty"
Package: letltxmacro 2016/05/16 v1.5 Let assignment for LaTeX macros (HO)
))
("C:\Users\user\AppData\Local\Programs\MiKTeX 2.9\tex\latex\oberdiek\auxhook.st
y"
Package: auxhook 2016/05/16 v1.4 Hooks for auxiliary files (HO)
)
\@linkdim=\dimen183
\Hy@linkcounter=\count145
\Hy@pagecounter=\count146

("C:\Users\user\AppData\Local\Programs\MiKTeX 2.9\tex\latex\hyperref\pd1enc.def
"
File: pd1enc.def 2018/09/30 v6.88a Hyperref: PDFDocEncoding definition (HO)
Now handling font encoding PD1 ...
... no UTF-8 mapping file for font encoding PD1
)
("C:\Users\user\AppData\Local\Programs\MiKTeX 2.9\tex\generic\oberdiek\intcalc.
sty"
Package: intcalc 2016/05/16 v1.2 Expandable calculations with integers (HO)
)
\Hy@SavedSpaceFactor=\count147

("C:\Users\user\AppData\Local\Programs\MiKTeX 2.9\tex\latex\00miktex\hyperref.c
fg"
File: hyperref.cfg 2002/06/06 v1.2 hyperref configuration of TeXLive
)
Package hyperref Info: Option `colorlinks' set `true' on input line 4409.
Package hyperref Info: Hyper figures OFF on input line 4535.
Package hyperref Info: Link nesting OFF on input line 4540.
Package hyperref Info: Hyper index ON on input line 4543.
Package hyperref Info: Plain pages OFF on input line 4550.
Package hyperref Info: Backreferencing OFF on input line 4555.
Package hyperref Info: Implicit mode ON; LaTeX internals redefined.
Package hyperref Info: Bookmarks ON on input line 4788.
\c@Hy@tempcnt=\count148
 ("C:\Users\user\AppData\Local\Programs\MiKTeX 2.9\tex\latex\url\url.sty"
\Urlmuskip=\muskip11
Package: url 2013/09/16  ver 3.4  Verb mode for urls, etc.
)
LaTeX Info: Redefining \url on input line 5141.
\XeTeXLinkMargin=\dimen184

("C:\Users\user\AppData\Local\Programs\MiKTeX 2.9\tex\generic\oberdiek\bitset.s
ty"
Package: bitset 2016/05/16 v1.2 Handle bit-vector datatype (HO)

("C:\Users\user\AppData\Local\Programs\MiKTeX 2.9\tex\generic\oberdiek\bigintca
lc.sty"
Package: bigintcalc 2016/05/16 v1.4 Expandable calculations on big integers (HO
)
))
\Fld@menulength=\count149
\Field@Width=\dimen185
\Fld@charsize=\dimen186
Package hyperref Info: Hyper figures OFF on input line 6396.
Package hyperref Info: Link nesting OFF on input line 6401.
Package hyperref Info: Hyper index ON on input line 6404.
Package hyperref Info: backreferencing OFF on input line 6411.
Package hyperref Info: Link coloring ON on input line 6414.
Package hyperref Info: Link coloring with OCG OFF on input line 6421.
Package hyperref Info: PDF/A mode OFF on input line 6426.
LaTeX Info: Redefining \ref on input line 6466.
LaTeX Info: Redefining \pageref on input line 6470.

("C:\Users\user\AppData\Local\Programs\MiKTeX 2.9\tex\generic\oberdiek\atbegshi
.sty"
Package: atbegshi 2016/06/09 v1.18 At begin shipout hook (HO)
)
\Hy@abspage=\count150
\c@Item=\count151
\c@Hfootnote=\count152
)
Package hyperref Info: Driver (autodetected): hpdftex.

("C:\Users\user\AppData\Local\Programs\MiKTeX 2.9\tex\latex\hyperref\hpdftex.de
f"
File: hpdftex.def 2018/09/30 v6.88a Hyperref driver for pdfTeX

("C:\Users\user\AppData\Local\Programs\MiKTeX 2.9\tex\latex\oberdiek\atveryend.
sty"
Package: atveryend 2016/05/16 v1.9 Hooks at the very end of document (HO)
)
\Fld@listcount=\count153
\c@bookmark@seq@number=\count154

("C:\Users\user\AppData\Local\Programs\MiKTeX 2.9\tex\latex\oberdiek\rerunfilec
heck.sty"
Package: rerunfilecheck 2016/05/16 v1.8 Rerun checks for auxiliary files (HO)

("C:\Users\user\AppData\Local\Programs\MiKTeX 2.9\tex\generic\oberdiek\uniqueco
unter.sty"
Package: uniquecounter 2016/05/16 v1.3 Provide unlimited unique counter (HO)
)
Package uniquecounter Info: New unique counter `rerunfilecheck' on input line 2
82.
)
\Hy@SectionHShift=\skip66
)
("C:\Users\user\AppData\Local\Programs\MiKTeX 2.9\tex\latex\blkarray\blkarray.s
ty"
Package: blkarray 2015/02/27 v0.07 Block array (dpc)
\c@BAenumi=\count155
\BA@col=\count156
\BA@block@cnt=\count157
\BA@final@box=\box42
\BA@first@box=\box43
\BA@colsep=\dimen187
\BA@ftn=\toks45
\BAextrarowheight=\dimen188
\BAextraheightafterhline=\dimen189
\BAarrayrulewidth=\dimen190
\BAdoublerulesep=\dimen191
\BAfootskip=\dimen192
\BA@dashbox=\box44
\BA@ddashbox=\box45
)
("C:\Users\user\AppData\Local\Programs\MiKTeX 2.9\tex\generic\pgf\frontendlayer
\tikz\libraries\tikzlibrarydecorations.pathreplacing.code.tex"
("C:\Users\user\AppData\Local\Programs\MiKTeX 2.9\tex\generic\pgf\frontendlayer
\tikz\libraries\tikzlibrarydecorations.code.tex"
("C:\Users\user\AppData\Local\Programs\MiKTeX 2.9\tex\generic\pgf\modules\pgfmo
duledecorations.code.tex"
\pgfdecoratedcompleteddistance=\dimen193
\pgfdecoratedremainingdistance=\dimen194
\pgfdecoratedinputsegmentcompleteddistance=\dimen195
\pgfdecoratedinputsegmentremainingdistance=\dimen196
\pgf@decorate@distancetomove=\dimen197
\pgf@decorate@repeatstate=\count158
\pgfdecorationsegmentamplitude=\dimen198
\pgfdecorationsegmentlength=\dimen199
)
\tikz@lib@dec@box=\box46
)
("C:\Users\user\AppData\Local\Programs\MiKTeX 2.9\tex\generic\pgf\libraries\dec
orations\pgflibrarydecorations.pathreplacing.code.tex"))
("C:\Users\user\AppData\Local\Programs\MiKTeX 2.9\tex\latex\bbm\bbm.sty"
Package: bbm 1999/03/15 V 1.2 provides fonts for set symbols - TH
LaTeX Font Info:    Overwriting math alphabet `\mathbbm' in version `bold'
(Font)                  U/bbm/m/n --> U/bbm/bx/n on input line 33.
LaTeX Font Info:    Overwriting math alphabet `\mathbbmss' in version `bold'
(Font)                  U/bbmss/m/n --> U/bbmss/bx/n on input line 35.
)
\c@thm=\count159
\pgf@layerbox@edgelayer=\box47
\pgf@layerboxsaved@edgelayer=\box48
\pgf@layerbox@nodelayer=\box49
\pgf@layerboxsaved@nodelayer=\box50

(Thesis.aux

LaTeX Warning: Label `ThmOnSing' multiply defined.


LaTeX Warning: Label `thm38i' multiply defined.


LaTeX Warning: Label `thm38ii' multiply defined.


! Package natbib Error: Bibliography not compatible with author-year citations.

(natbib)                Press <return> to continue in numerical citation style.


See the natbib package documentation for explanation.
Type  H <return>  for immediate help.
 ...                                              
                                                  
l.155 ...and\NAT@force@numbers{}\NAT@force@numbers
                                                  
? 
)
\openout1 = `Thesis.aux'.

LaTeX Font Info:    Checking defaults for OML/cmm/m/it on input line 273.
LaTeX Font Info:    ... okay on input line 273.
LaTeX Font Info:    Checking defaults for T1/cmr/m/n on input line 273.
LaTeX Font Info:    ... okay on input line 273.
LaTeX Font Info:    Checking defaults for OT1/cmr/m/n on input line 273.
LaTeX Font Info:    ... okay on input line 273.
LaTeX Font Info:    Checking defaults for OMS/cmsy/m/n on input line 273.
LaTeX Font Info:    ... okay on input line 273.
LaTeX Font Info:    Checking defaults for OMX/cmex/m/n on input line 273.
LaTeX Font Info:    ... okay on input line 273.
LaTeX Font Info:    Checking defaults for U/cmr/m/n on input line 273.
LaTeX Font Info:    ... okay on input line 273.
LaTeX Font Info:    Checking defaults for PD1/pdf/m/n on input line 273.
LaTeX Font Info:    ... okay on input line 273.

("C:\Users\user\AppData\Local\Programs\MiKTeX 2.9\tex\context\base\supp-pdf.mki
i"
[Loading MPS to PDF converter (version 2006.09.02).]
\scratchcounter=\count160
\scratchdimen=\dimen256
\scratchbox=\box51
\nofMPsegments=\count161
\nofMParguments=\count162
\everyMPshowfont=\toks46
\MPscratchCnt=\count163
\MPscratchDim=\dimen257
\MPnumerator=\count164
\makeMPintoPDFobject=\count165
\everyMPtoPDFconversion=\toks47
)
("C:\Users\user\AppData\Local\Programs\MiKTeX 2.9\tex\latex\oberdiek\epstopdf-b
ase.sty"
Package: epstopdf-base 2016/05/15 v2.6 Base part for package epstopdf

("C:\Users\user\AppData\Local\Programs\MiKTeX 2.9\tex\latex\oberdiek\grfext.sty
"
Package: grfext 2016/05/16 v1.2 Manage graphics extensions (HO)
)
Package epstopdf-base Info: Redefining graphics rule for `.eps' on input line 4
38.
Package grfext Info: Graphics extension search list:
(grfext)             [.pdf,.png,.jpg,.mps,.jpeg,.jbig2,.jb2,.PDF,.PNG,.JPG,.JPE
G,.JBIG2,.JB2,.eps]
(grfext)             \AppendGraphicsExtensions on input line 456.
)
*geometry* driver: auto-detecting
*geometry* detected driver: pdftex
*geometry* verbose mode - [ preamble ] result:
* driver: pdftex
* paper: letterpaper
* layout: <same size as paper>
* layoutoffset:(h,v)=(0.0pt,0.0pt)
* modes: twoside 
* h-part:(L,W,R)=(73.71613pt, 430.00462pt, 110.57425pt)
* v-part:(T,H,B)=(95.39737pt, 556.47656pt, 143.09605pt)
* \paperwidth=614.295pt
* \paperheight=794.96999pt
* \textwidth=430.00462pt
* \textheight=556.47656pt
* \oddsidemargin=1.44614pt
* \evensidemargin=38.30426pt
* \topmargin=23.12738pt
* \headheight=0.0pt
* \headsep=0.0pt
* \topskip=12.0pt
* \footskip=30.0pt
* \marginparwidth=88.0pt
* \marginparsep=7.0pt
* \columnsep=10.0pt
* \skip\footins=10.8pt plus 4.0pt minus 2.0pt
* \hoffset=0.0pt
* \voffset=0.0pt
* \mag=1000
* \@twocolumnfalse
* \@twosidetrue
* \@mparswitchtrue
* \@reversemarginfalse
* (1in=72.27pt=25.4mm, 1cm=28.453pt)

ABD: EveryShipout initializing macros
Package caption Info: Begin \AtBeginDocument code.
Package caption Info: hyperref package is loaded.
Package caption Info: End \AtBeginDocument code.
\AtBeginShipoutBox=\box52
Package hyperref Info: Link coloring ON on input line 273.

("C:\Users\user\AppData\Local\Programs\MiKTeX 2.9\tex\latex\hyperref\nameref.st
y"
Package: nameref 2016/05/21 v2.44 Cross-referencing by name of section

("C:\Users\user\AppData\Local\Programs\MiKTeX 2.9\tex\latex\oberdiek\refcount.s
ty"
Package: refcount 2016/05/16 v3.5 Data extraction from label references (HO)
)
("C:\Users\user\AppData\Local\Programs\MiKTeX 2.9\tex\generic\oberdiek\gettitle
string.sty"
Package: gettitlestring 2016/05/16 v1.5 Cleanup title references (HO)
)
\c@section@level=\count166
)
LaTeX Info: Redefining \ref on input line 273.
LaTeX Info: Redefining \pageref on input line 273.
LaTeX Info: Redefining \nameref on input line 273.
 (Thesis.out) (Thesis.out)
\@outlinefile=\write5
\openout5 = `Thesis.out'.

Package epstopdf Info: Source file: <crest_fullcolour.eps>
(epstopdf)                    date: 2021-05-12 14:00:29
(epstopdf)                    size: 82071 bytes
(epstopdf)             Output file: <crest_fullcolour-eps-converted-to.pdf>
(epstopdf)                    date: 2021-05-12 14:37:45
(epstopdf)                    size: 3725 bytes
(epstopdf)             Command: <epstopdf --outfile=crest_fullcolour-eps-conver
ted-to.pdf crest_fullcolour.eps>
(epstopdf)             \includegraphics on input line 280.
Package epstopdf Info: Output file is already uptodate.


pdfTeX warning: miktex-pdftex.exe (file ./crest_fullcolour-eps-converted-to.pdf
): PDF inclusion: found PDF version <1.7>, but at most version <1.5> allowed
<crest_fullcolour-eps-converted-to.pdf, id=138, 40.15pt x 52.195pt>
File: crest_fullcolour-eps-converted-to.pdf Graphic file (type pdf)
<use crest_fullcolour-eps-converted-to.pdf>
Package pdftex.def Info: crest_fullcolour-eps-converted-to.pdf  used on input l
ine 280.
(pdftex.def)             Requested size: 142.26378pt x 184.98532pt.
LaTeX Font Info:    Try loading font information for U+msa on input line 280.
("C:\Users\user\AppData\Local\Programs\MiKTeX 2.9\tex\latex\amsfonts\umsa.fd"
File: umsa.fd 2013/01/14 v3.01 AMS symbols A
)
LaTeX Font Info:    Try loading font information for U+msb on input line 280.

("C:\Users\user\AppData\Local\Programs\MiKTeX 2.9\tex\latex\amsfonts\umsb.fd"
File: umsb.fd 2013/01/14 v3.01 AMS symbols B
)
[1

{C:/Users/user/AppData/Local/MiKTeX/2.9/pdftex/config/pdftex.map} <./crest_full
colour-eps-converted-to.pdf>] (Thesis.toc
Underfull \vbox (badness 1888) has occurred while \output is active []

pdfTeX warning (ext4): destination with the same identifier (name{page.i}) has 
been already used, duplicate ignored
<to be read again> 
                   \relax 
l.20 ...rline {3}Small Discrepancy}{12}{chapter.3}
                                                   [1

])
\tf@toc=\write6
\openout6 = `Thesis.toc'.


Overfull \vbox (8.2pt too high) has occurred while \output is active []

 [2]
[3

] [4

] [5

]
Chapter 1.

Package natbib Warning: Citation `ballentine82' on page 1 undefined on input li
ne 358.


Underfull \hbox (badness 10000) in paragraph at lines 358--360

 []


Underfull \hbox (badness 10000) in paragraph at lines 358--360

 []


Package natbib Warning: Citation `abraham_etal' on page 1 undefined on input li
ne 362.


Underfull \hbox (badness 10000) in paragraph at lines 362--363

 []


Package natbib Warning: Citation `MTW' on page 1 undefined on input line 366.


Underfull \hbox (badness 10000) in paragraph at lines 366--369

 []


Underfull \hbox (badness 10000) in paragraph at lines 366--369

 []

[1

]

LaTeX Warning: Reference `' on page 2 undefined on input line 390.


LaTeX Warning: Reference `forwardref' on page 2 undefined on input line 411.

LaTeX Font Info:    Try loading font information for OMS+cmr on input line 413.

("C:\Users\user\AppData\Local\Programs\MiKTeX 2.9\tex\latex\base\omscmr.fd"
File: omscmr.fd 2014/09/29 v2.5h Standard LaTeX font definitions
)
LaTeX Font Info:    Font shape `OMS/cmr/m/n' in size <12> not available
(Font)              Font shape `OMS/cmsy/m/n' tried instead on input line 413.


LaTeX Warning: Reference `asdf' on page 2 undefined on input line 413.

[2]

Package natbib Warning: Citation `Huggenberger' on page 3 undefined on input li
ne 418.


LaTeX Warning: Reference `asdf' on page 3 undefined on input line 425.


Overfull \hbox (15.93993pt too wide) in paragraph at lines 430--430
[]\OT1/cmr/bx/n/14.4 Bounded sin-gu-lar-ity con-tent of log del Pezzo sur-faces
 
 []


LaTeX Warning: Reference `' on page 3 undefined on input line 433.


Underfull \vbox (badness 10000) has occurred while \output is active []

 [3]

LaTeX Warning: Reference `' on page 4 undefined on input line 436.


LaTeX Warning: Reference `ref to main appearance in text' on page 4 undefined o
n input line 445.


Package natbib Warning: Citation `RS' on page 4 undefined on input line 452.


Underfull \vbox (badness 10000) has occurred while \output is active []

 [4]
[5]
Chapter 2.

Underfull \vbox (badness 10000) has occurred while \output is active []

 [6

]
Overfull \hbox (8.04813pt too wide) in paragraph at lines 485--485
[]\OT1/cmr/bx/n/14.4 Cyclic quo-tient sin-gu-lar-i-ties and sin-gu-lar-ity con-
tent 
 []


LaTeX Warning: Reference `SingContent' on page 7 undefined on input line 503.

[7]

Package natbib Warning: Citation `Section 4' on page 8 undefined on input line 
506.

[8]

LaTeX Warning: Reference `Kawamata' on page 9 undefined on input line 526.


LaTeX Warning: Reference `YoungPersonGuide' on page 9 undefined on input line 5
29.


LaTeX Warning: Reference `Park city' on page 9 undefined on input line 532.


Package natbib Warning: Citation `CortiHeu' on page 9 undefined on input line 5
35.


Package natbib Warning: Citation `Cuzzucoli' on page 9 undefined on input line 
535.


Package natbib Warning: Citation `CaveyPrince' on page 9 undefined on input lin
e 535.


Package natbib Warning: Citation `CortiHeu' on page 9 undefined on input line 5
35.


Package natbib Warning: Citation `Cuzzucoli' on page 9 undefined on input line 
535.


Package natbib Warning: Citation `CaveyPrince' on page 9 undefined on input lin
e 535.


Package natbib Warning: Citation `ReidSuzuki' on page 9 undefined on input line
 535.

[9] [10] [11]
Chapter 3.

Underfull \vbox (badness 10000) has occurred while \output is active []

 [12

]
[13]
Overfull \hbox (16.40723pt too wide) in paragraph at lines 611--611
[]\OT1/cmr/bx/n/17.28 Log del Pezzo sur-faces and small dis-crep-ancy 
 []


Package natbib Warning: Citation `Artin' on page 14 undefined on input line 613
.

[14] [15] [16]
Underfull \vbox (badness 10000) has occurred while \output is active []

 [17]
Underfull \vbox (badness 1057) has occurred while \output is active []

 [18]
[19] [20]

LaTeX Warning: Reference `introlemmaonFl' on page 21 undefined on input line 85
6.


Underfull \vbox (badness 1173) has occurred while \output is active []

 [21]
Underfull \vbox (badness 1173) has occurred while \output is active []

 [22]

Package natbib Warning: Citation `GHK' on page 23 undefined on input line 986.


LaTeX Warning: Reference ` ' on page 23 undefined on input line 1015.


Package natbib Warning: Citation `CaveyPrince' on page 23 undefined on input li
ne 1018.

[23]
Underfull \vbox (badness 10000) has occurred while \output is active []

 [24]
Missing character: There is no s in font nullfont!

[25] [26]
Overfull \hbox (35.0247pt too wide) in paragraph at lines 1150--1151
\OML/cmm/m/it/12 Y[]$\OT1/cmr/m/n/12 . The class group of $\OML/cmm/m/it/12 Y[]
$ \OT1/cmr/m/n/12 is gen-er-ated by the curves $\OML/cmm/m/it/12 D[];  D[];  D[
];  D[];  E[]; [] E[];  E[]; [] E[]$\OT1/cmr/m/n/12 .
 []

[27]

LaTeX Warning: Reference `1/p(1,1)' on page 28 undefined on input line 1175.

[28]
Underfull \vbox (badness 1990) has occurred while \output is active []

 [29]

LaTeX Warning: `h' float specifier changed to `ht'.


Underfull \vbox (badness 1173) has occurred while \output is active []

 [30]
Underfull \vbox (badness 10000) has occurred while \output is active []

 [31]
[32]
Overfull \hbox (42.24413pt too wide) in paragraph at lines 1338--1339
\OT1/cmr/m/it/12 ist. For ex-am-ple con-sider a sin-gu-lar-ity with res-o-lu-ti
on $\OMS/cmsy/m/n/12  \OT1/cmr/m/n/12 3\OML/cmm/m/it/12 ;  \OMS/cmsy/m/n/12  \O
T1/cmr/m/n/12 8\OML/cmm/m/it/12 ;  \OMS/cmsy/m/n/12  \OT1/cmr/m/n/12 2\OML/cmm/
m/it/12 ;  \OMS/cmsy/m/n/12  \OT1/cmr/m/n/12 2\OML/cmm/m/it/12 ;  \OMS/cmsy/m/n
/12  \OT1/cmr/m/n/12 2\OML/cmm/m/it/12 ;  \OMS/cmsy/m/n/12  \OT1/cmr/m/n/12 2\O
ML/cmm/m/it/12 ;  \OMS/cmsy/m/n/12  \OT1/cmr/m/n/12 2\OML/cmm/m/it/12 ;  \OMS/c
msy/m/n/12  \OT1/cmr/m/n/12 2\OML/cmm/m/it/12 ;  \OMS/cmsy/m/n/12  \OT1/cmr/m/n
/12 3$\OT1/cmr/m/it/12 .
 []


Underfull \vbox (badness 10000) has occurred while \output is active []

 [33]
Underfull \vbox (badness 10000) has occurred while \output is active []

 [34]
[35] [36] [37]
Chapter 4.

Package natbib Warning: Citation `Huggenberger' on page 38 undefined on input l
ine 1464.


Underfull \hbox (badness 10000) in paragraph at lines 1464--1467

 []


Underfull \hbox (badness 10000) in paragraph at lines 1464--1467

 []

[38

]

Package natbib Warning: Citation `Cox' on page 39 undefined on input line 1468.



Package natbib Warning: Citation `Altmann' on page 39 undefined on input line 1
469.

LaTeX Font Info:    Font shape `OMS/cmr/m/it' in size <12> not available
(Font)              Font shape `OMS/cmsy/m/n' tried instead on input line 1485.

[39]

Package natbib Warning: Citation `PS' on page 40 undefined on input line 1504.

[40] [41]
Underfull \hbox (badness 10000) in paragraph at lines 1537--1542

 []


Underfull \hbox (badness 10000) in paragraph at lines 1537--1542

 []

[42]
LaTeX Font Info:    Try loading font information for U+bbm on input line 1553.
 ("C:\Users\user\AppData\Local\Programs\MiKTeX 2.9\tex\latex\bbm\ubbm.fd"
File: ubbm.fd 1999/03/15 V 1.2 Font definition for bbm font - TH
)
Underfull \vbox (badness 3068) has occurred while \output is active []

 [43]
[44] [45] [46]

! Package pgf Error: Unknown arrow tip kind 'left hook'.

See the pgf package documentation for explanation.
Type  H <return>  for immediate help.
 ...                                              
                                                  
l.1719 		\draw [style=new edge style 2]
                                        (3.center) to (7.center);
? 
Missing character: There is no p in font nullfont!
Missing character: There is no g in font nullfont!
Missing character: There is no f in font nullfont!
Missing character: There is no @ in font nullfont!
Missing character: There is no s in font nullfont!
Missing character: There is no t in font nullfont!
Missing character: There is no o in font nullfont!
Missing character: There is no p in font nullfont!

! Package pgf Error: Unknown arrow tip kind 'left hook'.

See the pgf package documentation for explanation.
Type  H <return>  for immediate help.
 ...                                              
                                                  
l.1720 		\draw [style=new edge style 2]
                                        (3.center) to (4.center);
? 
Missing character: There is no p in font nullfont!
Missing character: There is no g in font nullfont!
Missing character: There is no f in font nullfont!
Missing character: There is no @ in font nullfont!
Missing character: There is no s in font nullfont!
Missing character: There is no t in font nullfont!
Missing character: There is no o in font nullfont!
Missing character: There is no p in font nullfont!

! Package pgf Error: Unknown arrow tip kind 'left hook'.

See the pgf package documentation for explanation.
Type  H <return>  for immediate help.
 ...                                              
                                                  
l.1721 		\draw [style=new edge style 2]
                                        (3.center) to (5.center);
? 
Missing character: There is no p in font nullfont!
Missing character: There is no g in font nullfont!
Missing character: There is no f in font nullfont!
Missing character: There is no @ in font nullfont!
Missing character: There is no s in font nullfont!
Missing character: There is no t in font nullfont!
Missing character: There is no o in font nullfont!
Missing character: There is no p in font nullfont!

! Package pgf Error: Unknown arrow tip kind 'left hook'.

See the pgf package documentation for explanation.
Type  H <return>  for immediate help.
 ...                                              
                                                  
l.1722 		\draw [style=new edge style 2]
                                        (1.center) to (7.center);
? 
Missing character: There is no p in font nullfont!
Missing character: There is no g in font nullfont!
Missing character: There is no f in font nullfont!
Missing character: There is no @ in font nullfont!
Missing character: There is no s in font nullfont!
Missing character: There is no t in font nullfont!
Missing character: There is no o in font nullfont!
Missing character: There is no p in font nullfont!

! Package pgf Error: Unknown arrow tip kind 'left hook'.

See the pgf package documentation for explanation.
Type  H <return>  for immediate help.
 ...                                              
                                                  
l.1723 		\draw [style=new edge style 2]
                                        (1.center) to (6.center);
? 
Missing character: There is no p in font nullfont!
Missing character: There is no g in font nullfont!
Missing character: There is no f in font nullfont!
Missing character: There is no @ in font nullfont!
Missing character: There is no s in font nullfont!
Missing character: There is no t in font nullfont!
Missing character: There is no o in font nullfont!
Missing character: There is no p in font nullfont!

! Package pgf Error: Unknown arrow tip kind 'left hook'.

See the pgf package documentation for explanation.
Type  H <return>  for immediate help.
 ...                                              
                                                  
l.1724 		\draw [style=new edge style 2]
                                        (2.center) to (4.center);
? 
Missing character: There is no p in font nullfont!
Missing character: There is no g in font nullfont!
Missing character: There is no f in font nullfont!
Missing character: There is no @ in font nullfont!
Missing character: There is no s in font nullfont!
Missing character: There is no t in font nullfont!
Missing character: There is no o in font nullfont!
Missing character: There is no p in font nullfont!

! Package pgf Error: Unknown arrow tip kind 'left hook'.

See the pgf package documentation for explanation.
Type  H <return>  for immediate help.
 ...                                              
                                                  
l.1725 		\draw [style=new edge style 2]
                                        (2.center) to (5.center);
? 
Missing character: There is no p in font nullfont!
Missing character: There is no g in font nullfont!
Missing character: There is no f in font nullfont!
Missing character: There is no @ in font nullfont!
Missing character: There is no s in font nullfont!
Missing character: There is no t in font nullfont!
Missing character: There is no o in font nullfont!
Missing character: There is no p in font nullfont!

! Package pgf Error: Unknown arrow tip kind 'left hook'.

See the pgf package documentation for explanation.
Type  H <return>  for immediate help.
 ...                                              
                                                  
l.1726 		\draw [style=new edge style 2]
                                        (2.center) to (6.center);
? 
Missing character: There is no p in font nullfont!
Missing character: There is no g in font nullfont!
Missing character: There is no f in font nullfont!
Missing character: There is no @ in font nullfont!
Missing character: There is no s in font nullfont!
Missing character: There is no t in font nullfont!
Missing character: There is no o in font nullfont!
Missing character: There is no p in font nullfont!

Overfull \hbox (121.16447pt too wide) detected at line 1729
[]
 []

[47]

LaTeX Warning: Reference `Tech' on page 48 undefined on input line 1753.

[48]

Package amsfonts Warning: Obsolete command \bold; \mathbf should be used instea
d on input line 1760.


Underfull \hbox (badness 10000) in paragraph at lines 1767--1769

 []


Package natbib Warning: Citation `PS' on page 49 undefined on input line 1769.

[49]

Package natbib Warning: Citation `PS' on page 50 undefined on input line 1787.


Package natbib Warning: Citation `PS' on page 50 undefined on input line 1793.

[50]

Package natbib Warning: Citation `PS' on page 51 undefined on input line 1799.


Package natbib Warning: Citation `PS' on page 51 undefined on input line 1801.


Package natbib Warning: Citation `PS' on page 51 undefined on input line 1809.


Package natbib Warning: Citation `PS' on page 51 undefined on input line 1818.


Package natbib Warning: Citation `S' on page 51 undefined on input line 1822.


Underfull \hbox (badness 10000) in paragraph at lines 1815--1823

 []


Underfull \hbox (badness 10000) in paragraph at lines 1815--1823

 []

[51] Excluding 'comment' comment.
Underfull \vbox (badness 10000) has occurred while \output is active []

 [52]

Package natbib Warning: Citation `Br' on page 53 undefined on input line 1876.

[53] [54] [55]

! LaTeX Error: Environment algorithm undefined.

See the LaTeX manual or LaTeX Companion for explanation.
Type  H <return>  for immediate help.
 ...                                              
                                                  
l.1967 \begin{algorithm}
                        
? 
[56] [57]

LaTeX Warning: Reference `-1 curve lemma' on page 58 undefined on input line 20
03.


! LaTeX Error: \begin{document} ended by \end{algorithm}.

See the LaTeX manual or LaTeX Companion for explanation.
Type  H <return>  for immediate help.
 ...                                              
                                                  
l.2006 \end{algorithm}
                      
? 
[58]
Underfull \vbox (badness 4441) has occurred while \output is active []

 [59]
Underfull \vbox (badness 10000) has occurred while \output is active []

 [60]
Underfull \vbox (badness 10000) has occurred while \output is active []

 [61]
(Thesis.bbl [62]
Underfull \hbox (badness 10000) in paragraph at lines 12--16
[]\OT1/cmr/m/n/12 Mohammad Akhtar and Alexan-der Kasprzyk.  Sin-gu-lar-ity con-
tent.
 []

[63

])

Package natbib Warning: There were undefined citations.

[64]
Package atveryend Info: Empty hook `BeforeClearDocument' on input line 2123.
Package atveryend Info: Empty hook `AfterLastShipout' on input line 2123.
 (Thesis.aux)
Package atveryend Info: Executing hook `AtVeryEndDocument' on input line 2123.
Package atveryend Info: Executing hook `AtEndAfterFileList' on input line 2123.

Package rerunfilecheck Info: File `Thesis.out' has not changed.
(rerunfilecheck)             Checksum: 030F0379E53DBBA24016771F28B47C79;2307.


LaTeX Warning: There were undefined references.


LaTeX Warning: There were multiply-defined labels.

 ) 
Here is how much of TeX's memory you used:
 23161 strings out of 492970
 444227 string characters out of 3127037
 543783 words of memory out of 3000000
 26369 multiletter control sequences out of 15000+200000
 14693 words of font info for 57 fonts, out of 3000000 for 9000
 1141 hyphenation exceptions out of 8191
 56i,15n,82p,1721b,1007s stack positions out of 5000i,500n,10000p,200000b,50000s
 <C:\Users\user\AppData\Local\MiKTeX\2.9\fonts\pk\ljfour\public\bbm\dpi600\bb
m12.pk><C:/Users/user/AppData/Local/Programs/MiKTeX 2.9/fonts/type1/public/amsf
onts/cm/cmbx12.pfb><C:/Users/user/AppData/Local/Programs/MiKTeX 2.9/fonts/type1
/public/amsfonts/cm/cmex10.pfb><C:/Users/user/AppData/Local/Programs/MiKTeX 2.9
/fonts/type1/public/amsfonts/cmextra/cmex8.pfb><C:/Users/user/AppData/Local/Pro
grams/MiKTeX 2.9/fonts/type1/public/amsfonts/cm/cmmi12.pfb><C:/Users/user/AppDa
ta/Local/Programs/MiKTeX 2.9/fonts/type1/public/amsfonts/cm/cmmi6.pfb><C:/Users
/user/AppData/Local/Programs/MiKTeX 2.9/fonts/type1/public/amsfonts/cm/cmmi8.pf
b><C:/Users/user/AppData/Local/Programs/MiKTeX 2.9/fonts/type1/public/amsfonts/
cm/cmr12.pfb><C:/Users/user/AppData/Local/Programs/MiKTeX 2.9/fonts/type1/publi
c/amsfonts/cm/cmr6.pfb><C:/Users/user/AppData/Local/Programs/MiKTeX 2.9/fonts/t
ype1/public/amsfonts/cm/cmr8.pfb><C:/Users/user/AppData/Local/Programs/MiKTeX 2
.9/fonts/type1/public/amsfonts/cm/cmsl12.pfb><C:/Users/user/AppData/Local/Progr
ams/MiKTeX 2.9/fonts/type1/public/amsfonts/cm/cmsy10.pfb><C:/Users/user/AppData
/Local/Programs/MiKTeX 2.9/fonts/type1/public/amsfonts/cm/cmsy6.pfb><C:/Users/u
ser/AppData/Local/Programs/MiKTeX 2.9/fonts/type1/public/amsfonts/cm/cmsy8.pfb>
<C:/Users/user/AppData/Local/Programs/MiKTeX 2.9/fonts/type1/public/amsfonts/cm
/cmti12.pfb><C:/Users/user/AppData/Local/Programs/MiKTeX 2.9/fonts/type1/public
/amsfonts/cm/cmti8.pfb><C:/Users/user/AppData/Local/Programs/MiKTeX 2.9/fonts/t
ype1/public/amsfonts/cm/cmtt12.pfb><C:/Users/user/AppData/Local/Programs/MiKTeX
 2.9/fonts/type1/public/amsfonts/symbols/msbm10.pfb>
Output written on Thesis.pdf (70 pages, 468920 bytes).
PDF statistics:
 722 PDF objects out of 1000 (max. 8388607)
 188 named destinations out of 1000 (max. 500000)
 282 words of extra memory for PDF output out of 10000 (max. 10000000)

